Arguments: 
  C:\Program Files\nodejs\node.exe C:\Program Files (x86)\Yarn\bin\yarn.js install

PATH: 
  C:\Windows\system32;C:\Windows;C:\Windows\System32\Wbem;C:\Windows\System32\WindowsPowerShell\v1.0\;C:\Windows\System32\OpenSSH\;C:\Program Files\Git\cmd;C:\Program Files\nodejs\;C:\Program Files (x86)\Yarn\bin\;C:\Ruby30\bin;C:\Users\popp\AppData\Local\Microsoft\WindowsApps;C:\Users\popp\AppData\Roaming\npm;C:\Users\popp\AppData\Local\Yarn\bin;C:\Program Files\heroku\bin

Yarn version: 
  1.22.5

Node version: 
  14.16.0

Platform: 
  win32 x64

Trace: 
  Error: https://registry.yarnpkg.com/@mui/icons-material/-/icons-material-5.1.0.tgz: ESOCKETTIMEDOUT
      at ClientRequest.<anonymous> (C:\Program Files (x86)\Yarn\lib\cli.js:141376:19)
      at Object.onceWrapper (events.js:421:28)
      at ClientRequest.emit (events.js:315:20)
      at TLSSocket.emitRequestTimeout (_http_client.js:784:9)
      at Object.onceWrapper (events.js:421:28)
      at TLSSocket.emit (events.js:327:22)
      at TLSSocket.Socket._onTimeout (net.js:483:8)
      at listOnTimeout (internal/timers.js:554:17)
      at processTimers (internal/timers.js:497:7)

npm manifest: 
  {
    "name": "clucoin",
    "version": "0.1.0",
    "private": true,
    "dependencies": {
      "@babel/core": "^7.15.8",
      "@emotion/react": "^11.4.1",
      "@emotion/styled": "^11.3.0",
      "@ethersproject/contracts": "^5.4.1",
      "@ethersproject/providers": "^5.4.5",
      "@mui/icons-material": "^5.0.1",
      "@mui/material": "^5.0.1",
      "@testing-library/jest-dom": "^5.11.4",
      "@testing-library/react": "^11.1.0",
      "@testing-library/user-event": "^12.1.10",
      "@walletconnect/client": "^1.6.6",
      "@walletconnect/qrcode-modal": "^1.6.6",
      "@walletconnect/web3-provider": "^1.6.6",
      "authereum": "^0.1.14",
      "bignumber.js": "^9.0.1",
      "bootstrap": "^5.1.1",
      "bscscan-api": "^1.0.1",
      "env-cmd": "^10.1.0",
      "eslint-visitor-keys": "^3.0.0",
      "evm-chains": "^0.2.0",
      "react": "^17.0.2",
      "react-dom": "^17.0.2",
      "react-dotenv": "^0.1.3",
      "react-icons": "^4.3.1",
      "react-router-dom": "^5.3.0",
      "react-scripts": "4.0.3",
      "sass": "^1.42.1",
      "styled-components": "^5.3.1",
      "web-vitals": "^1.0.1",
      "web3": "^1.6.0",
      "web3modal": "^1.9.4"
    },
    "scripts": {
      "start": "set PORT=8000 &&react-scripts start",
      "build": "CI=false&&react-scripts build",
      "test": "react-scripts test",
      "eject": "react-scripts eject"
    },
    "eslintConfig": {
      "extends": [
        "react-app",
        "react-app/jest"
      ]
    },
    "browserslist": {
      "production": [
        ">0.2%",
        "not dead",
        "not op_mini all"
      ],
      "development": [
        "last 1 chrome version",
        "last 1 firefox version",
        "last 1 safari version"
      ]
    },
    "devDependencies": {
      "node-sass": "^6.0.1",
      "sass-loader": "^12.1.0"
    }
  }

yarn manifest: 
  No manifest

Lockfile: 
  No lockfile
